<?xml version="1.0" encoding="UTF-8"?>
<!-- Generated by org.testng.reporters.JUnitXMLReporter -->
<testsuite ignored="2" hostname="DESKTOP-RHR2SQU" failures="0" tests="0" time="3.067" errors="0" timestamp="15 Şub 2021 19:14:49 GMT">
  <testcase classname="hepsiburadacase.CaseTests" name="@AfterTest tearDown" time="0.001">
    <failure type="java.lang.NullPointerException">
      <![CDATA[java.lang.NullPointerException
at hepsiburadacase.CaseTests.tearDown(CaseTests.java:124)
... Removed 24 stack frames]]>
    </failure>
  </testcase> <!-- @AfterTest tearDown -->
  <testcase classname="hepsiburadacase.CaseTests" name="loginTestCase" time="0.0">
    <ignored/>
  </testcase> <!-- loginTestCase -->
  <testcase classname="hepsiburadacase.CaseTests" name="productTestCase" time="0.0">
    <ignored/>
  </testcase> <!-- productTestCase -->
</testsuite>
