<?xml version="1.0" encoding="UTF-8"?>
<!-- Generated by org.testng.reporters.JUnitXMLReporter -->
<testsuite ignored="1" hostname="DESKTOP-RHR2SQU" failures="0" tests="1" name="HepsiBuradaProductProcess" time="73.105" errors="0" timestamp="15 Şub 2021 19:16:02 GMT">
  <testcase classname="hepsiburadacase.CaseTests" name="@AfterTest tearDown" time="0.0">
    <failure type="java.lang.NullPointerException">
      <![CDATA[java.lang.NullPointerException
at hepsiburadacase.CaseTests.tearDown(CaseTests.java:124)
... Removed 24 stack frames]]>
    </failure>
  </testcase> <!-- @AfterTest tearDown -->
  <testcase classname="hepsiburadacase.CaseTests" name="productTestCase" time="70.069"/>
  <testcase classname="hepsiburadacase.CaseTests" name="loginTestCase" time="0.0">
    <ignored/>
  </testcase> <!-- loginTestCase -->
</testsuite> <!-- HepsiBuradaProductProcess -->
