<?xml version="1.0" encoding="UTF-8"?>
<!-- Generated by org.testng.reporters.JUnitXMLReporter -->
<testsuite ignored="0" hostname="DESKTOP-RHR2SQU" failures="1" tests="1" name="HepsiBuradaLoginAndProductProcess" time="50.378" errors="0" timestamp="13 Şub 2021 19:18:22 GMT">
  <testcase classname="hepsiburadacase.CaseTests" name="loginTestCase" time="44.574">
    <failure type="java.lang.AssertionError" message="İsim basariyla degistirilemedi. expected [true] but found [false]">
      <![CDATA[java.lang.AssertionError: İsim basariyla degistirilemedi. expected [true] but found [false]
at hepsiburadacase.CaseTests.loginTestCase(CaseTests.java:55)
... Removed 28 stack frames]]>
    </failure>
  </testcase> <!-- loginTestCase -->
</testsuite> <!-- HepsiBuradaLoginAndProductProcess -->
